<?xml version="1.0" encoding="UTF-8"?>
<!-- Generated by org.testng.reporters.JUnitReportReporter -->
<testsuite skipped="0" hostname="99-1-237-101.lightspeed.miamfl.sbcglobal.net" name="com.testCase.testNGSample" tests="1" failures="0" timestamp="2019-11-15T11:48:37 CST" time="0.010" errors="0">
  <testcase name="f" time="0.010" classname="com.testCase.testNGSample"/>
</testsuite> <!-- com.testCase.testNGSample -->
